Arguments: 
  C:\Program Files\nodejs\node.exe C:\Users\Nei\AppData\Roaming\npm\node_modules\yarn\bin\yarn.js add @types/vue-carousel-3d

PATH: 
  C:\Users\Nei\bin;C:\Program Files\Git\mingw64\bin;C:\Program Files\Git\usr\local\bin;C:\Program Files\Git\usr\bin;C:\Program Files\Git\usr\bin;C:\Program Files\Git\mingw64\bin;C:\Program Files\Git\usr\bin;C:\Users\Nei\bin;C:\Python310\Scripts;C:\Python310;C:\Windows\system32;C:\Windows;C:\Windows\System32\Wbem;C:\Windows\System32\WindowsPowerShell\v1.0;C:\Windows\System32\OpenSSH;C:\Program Files\Git\cmd;C:\Program Files (x86)\NVIDIA Corporation\PhysX\Common;C:\ProgramData\chocolatey\bin;C:\Users\Nei\AppData\Roaming\npm;C:\Program Files\nodejs;C:\Users\Nei\AppData\Local\Microsoft\WindowsApps;C:\Users\Nei\AppData\Local\Programs\Microsoft VS Code\bin;C:\Users\Nei\AppData\Roaming\npm;C:\Program Files\Git\usr\bin\vendor_perl;C:\Program Files\Git\usr\bin\core_perl

Yarn version: 
  1.22.18

Node version: 
  16.15.1

Platform: 
  win32 x64

Trace: 
  Error: https://registry.yarnpkg.com/@types%2fvue-carousel-3d: Not found
      at Request.params.callback [as _callback] (C:\Users\Nei\AppData\Roaming\npm\node_modules\yarn\lib\cli.js:66138:18)
      at Request.self.callback (C:\Users\Nei\AppData\Roaming\npm\node_modules\yarn\lib\cli.js:140883:22)
      at Request.emit (node:events:527:28)
      at Request.<anonymous> (C:\Users\Nei\AppData\Roaming\npm\node_modules\yarn\lib\cli.js:141855:10)
      at Request.emit (node:events:527:28)
      at IncomingMessage.<anonymous> (C:\Users\Nei\AppData\Roaming\npm\node_modules\yarn\lib\cli.js:141777:12)
      at Object.onceWrapper (node:events:641:28)
      at IncomingMessage.emit (node:events:539:35)
      at endReadableNT (node:internal/streams/readable:1345:12)
      at processTicksAndRejections (node:internal/process/task_queues:83:21)

npm manifest: 
  {
    "name": "movie",
    "version": "0.1.0",
    "private": true,
    "scripts": {
      "serve": "vue-cli-service serve",
      "build": "vue-cli-service build",
      "lint": "vue-cli-service lint"
    },
    "dependencies": {
      "axios": "^0.21.1",
      "core-js": "^3.6.5",
      "vue": "^2.6.11",
      "vue-axios": "^3.2.4",
      "vue-carousel-3d": "^1.0.1",
      "vue-router": "^3.2.0",
      "vuetify": "^2.4.0",
      "vuex": "^3.4.0"
    },
    "devDependencies": {
      "@fortawesome/fontawesome-free": "^5.15.3",
      "@vue/cli-plugin-babel": "~4.5.0",
      "@vue/cli-plugin-eslint": "~4.5.0",
      "@vue/cli-plugin-router": "~4.5.0",
      "@vue/cli-plugin-vuex": "~4.5.0",
      "@vue/cli-service": "~4.5.0",
      "babel-eslint": "^10.1.0",
      "eslint": "^6.7.2",
      "eslint-plugin-vue": "^6.2.2",
      "material-design-icons-iconfont": "^6.1.0",
      "sass": "~1.32.0",
      "sass-loader": "^10.0.0",
      "vue-cli-plugin-vuetify": "~2.4.1",
      "vue-template-compiler": "^2.6.11",
      "vuetify-loader": "^1.7.0"
    },
    "eslintConfig": {
      "root": true,
      "env": {
        "node": true
      },
      "extends": [
        "plugin:vue/essential",
        "eslint:recommended"
      ],
      "parserOptions": {
        "parser": "babel-eslint"
      },
      "rules": {}
    },
    "browserslist": [
      "> 1%",
      "last 2 versions",
      "not dead"
    ]
  }

yarn manifest: 
  No manifest

Lockfile: 
  No lockfile
